[2020/07/16 10:24:07] Win Streak 5 Lose Streak 24 | Balance 993.32249046 Profit 893.29782704
[2020/07/16 12:08:41] Win Streak 3 Lose Streak 38 | Balance 1046.07682044 Profit -15.32146605
[2020/07/16 12:19:35] Win Streak 2 Lose Streak 68 | Balance 1093.13472845 Profit 46.62053024
[2020/07/16 12:20:12] Win Streak 1 Lose Streak 52 | Balance 1215.04713996 Profit 122.02572151
[2020/07/16 12:21:10] Win Streak 2 Lose Streak 14 | Balance 1233.33678493 Profit 18.53605497
Withdraw 10.00000000
[2020/07/16 14:24:12] Win Streak 0 Lose Streak 1 | Balance 1013.95617014 Profit -0.0001
[2020/07/16 14:26:09] Win Streak 3 Lose Streak 17 | Balance 1006.06628291 Profit 2.11021277
[2020/07/16 20:44:24] Win Streak 6 Lose Streak 11 | Balance 350.3670744 Profit 0.09184382
[2020/07/16 20:44:52] Win Streak 4 Lose Streak 21 | Balance 350.36719389 Profit 0.09222009
[2020/07/16 21:42:52] Win Streak 5 Lose Streak 13 | Balance 350.41477781 Profit 0.04761981
[2020/07/16 21:42:52] Win Streak 4 Lose Streak 9 | Balance 350.41459459 Profit 0.04753659
[2020/07/16 21:42:52] Win Streak 6 Lose Streak 13 | Balance 350.36705813 Profit 0.09198433
[2020/07/16 21:42:52] Win Streak 3 Lose Streak 9 | Balance 350.41473459 Profit 0.04741981
[2020/07/16 21:42:52] Win Streak 5 Lose Streak 16 | Balance 350.41483459 Profit 0.14001757
[2021/01/09 21:31:52] Win Streak 6 Lose Streak 2 | Balance 0.00218343 Profit 0.00016056
[2021/01/09 21:41:50] Win Streak 17 Lose Streak 5 | Balance 0.00486709 Profit 0.00267635
[2021/01/09 22:48:19] Win Streak 26 Lose Streak 2 | Balance 0.02321747 Profit 0.00476661
[2021/01/09 22:49:44] Win Streak 0 Lose Streak 1 | Balance 0.02320528 Profit 0.0
[2021/01/09 22:50:41] Win Streak 0 Lose Streak 3 | Balance 0.02320528 Profit 0.0
[2021/01/09 23:23:15] Win Streak 16 Lose Streak 2 | Balance 0.05090794 Profit 0.0276579
[2021/01/10 00:38:17] Win Streak 29 Lose Streak 5 | Balance 0.11997159 Profit 0.06878071
[2021/01/10 02:55:39] Win Streak 21 Lose Streak 0 | Balance 0.00239509 Profit 0.00021651
[2021/01/10 02:56:29] Win Streak 7 Lose Streak 0 | Balance 0.00457662 Profit 0.00216091
[2021/01/10 02:56:30] Win Streak 7 Lose Streak 0 | Balance 0.00458693 Profit 0.00216091
[2021/01/10 02:56:31] Win Streak 5 Lose Streak 1 | Balance 0.00459724 Profit 0.00216091
[2021/01/10 02:56:32] Win Streak 7 Lose Streak 0 | Balance 0.00460755 Profit 0.00216091
[2021/01/10 03:02:21] Win Streak 46 Lose Streak 1 | Balance 0.00563617 Profit 0.00101831
[2021/01/10 03:02:22] Win Streak 60 Lose Streak 1 | Balance 0.00564648 Profit 0.001008
[2021/01/10 03:02:24] Win Streak 31 Lose Streak 1 | Balance 0.00565679 Profit 0.001008
[2021/01/10 03:02:24] Win Streak 37 Lose Streak 1 | Balance 0.0056671 Profit 0.00103893
[2021/01/10 03:09:33] Win Streak 22 Lose Streak 1 | Balance 0.00670236 Profit 0.00100433
[2021/01/10 03:09:35] Win Streak 31 Lose Streak 1 | Balance 0.00671267 Profit 0.00103526
[2021/01/10 03:09:36] Win Streak 45 Lose Streak 1 | Balance 0.00672298 Profit 0.00103526
[2021/01/10 03:09:37] Win Streak 33 Lose Streak 1 | Balance 0.00673329 Profit 0.00102495
[2021/01/10 03:15:02] Win Streak 43 Lose Streak 1 | Balance 0.00776486 Profit 0.00101095
[2021/01/10 03:15:03] Win Streak 33 Lose Streak 1 | Balance 0.00777517 Profit 0.00103157
[2021/01/10 03:16:28] Win Streak 26 Lose Streak 1 | Balance 0.00777142 Profit 0.0010072
[2021/01/10 03:19:10] Win Streak 19 Lose Streak 1 | Balance 0.0084493 Profit 0.00100376
[2021/01/10 03:19:11] Win Streak 32 Lose Streak 1 | Balance 0.00845961 Profit 0.00102438
[2021/01/10 03:19:13] Win Streak 27 Lose Streak 1 | Balance 0.00846992 Profit 0.00101407
[2021/01/10 03:19:19] Win Streak 28 Lose Streak 1 | Balance 0.00852147 Profit 0.00100376
[2021/01/10 03:33:25] Win Streak 61 Lose Streak 1 | Balance 0.00954932 Profit 0.00101754
[2021/01/10 03:33:26] Win Streak 51 Lose Streak 1 | Balance 0.00956994 Profit 0.00102785
[2021/01/10 03:33:27] Win Streak 57 Lose Streak 1 | Balance 0.00958025 Profit 0.00102785
[2021/01/10 03:33:29] Win Streak 63 Lose Streak 2 | Balance 0.00959056 Profit 0.00102785
[2021/01/10 03:43:46] Win Streak 30 Lose Streak 1 | Balance 0.01060689 Profit 0.00100602
[2021/01/10 03:43:48] Win Streak 42 Lose Streak 1 | Balance 0.01062751 Profit 0.00101633
[2021/01/10 03:44:04] Win Streak 33 Lose Streak 1 | Balance 0.01063892 Profit 0.00101743
[2021/01/10 03:44:20] Win Streak 50 Lose Streak 2 | Balance 0.01064002 Profit 0.00100822
[2021/01/10 03:51:08] Win Streak 60 Lose Streak 1 | Balance 0.01165291 Profit 0.00100258
[2021/01/10 03:51:10] Win Streak 80 Lose Streak 1 | Balance 0.01167353 Profit 0.00101289
[2021/01/10 03:51:12] Win Streak 33 Lose Streak 1 | Balance 0.01168384 Profit 0.00101289
[2021/01/10 03:51:12] Win Streak 46 Lose Streak 1 | Balance 0.01169415 Profit 0.00101289
[2021/01/10 03:52:48] Win Streak 13 Lose Streak 0 | Balance 0.01206121 Profit 0.00033613
[2021/01/10 03:59:02] Win Streak 1 Lose Streak 0 | Balance 0.01232522 Profit 4.124e-05
[2021/01/10 03:59:03] Win Streak 1 Lose Streak 0 | Balance 0.01233553 Profit 4.124e-05
[2021/01/10 03:59:04] Win Streak 1 Lose Streak 0 | Balance 0.01234584 Profit 4.124e-05
[2021/01/10 03:59:05] Win Streak 1 Lose Streak 0 | Balance 0.01235615 Profit 4.124e-05
[2021/01/10 03:59:42] Win Streak 1 Lose Streak 0 | Balance 0.0124077 Profit 4.124e-05
[2021/01/10 03:59:43] Win Streak 1 Lose Streak 0 | Balance 0.01241801 Profit 4.124e-05
[2021/01/10 03:59:44] Win Streak 1 Lose Streak 0 | Balance 0.01242832 Profit 4.124e-05
[2021/01/10 03:59:45] Win Streak 1 Lose Streak 0 | Balance 0.01243863 Profit 4.124e-05
[2021/01/10 04:00:26] Win Streak 1 Lose Streak 0 | Balance 0.01249018 Profit 4.124e-05
[2021/01/10 04:00:27] Win Streak 1 Lose Streak 0 | Balance 0.01250049 Profit 4.124e-05
[2021/01/10 04:00:28] Win Streak 1 Lose Streak 0 | Balance 0.0125108 Profit 4.124e-05
[2021/01/10 04:00:29] Win Streak 1 Lose Streak 0 | Balance 0.01252111 Profit 4.124e-05
[2021/01/10 04:01:07] Win Streak 1 Lose Streak 0 | Balance 0.01257266 Profit 4.124e-05
[2021/01/10 04:01:08] Win Streak 1 Lose Streak 0 | Balance 0.01258297 Profit 4.124e-05
[2021/01/10 04:01:09] Win Streak 1 Lose Streak 0 | Balance 0.01259328 Profit 4.124e-05
[2021/01/10 04:01:10] Win Streak 1 Lose Streak 0 | Balance 0.01260359 Profit 4.124e-05
[2021/01/10 04:25:15] Win Streak 51 Lose Streak 2 | Balance 0.01310784 Profit 0.00049394
[2021/01/10 04:27:09] Win Streak 13 Lose Streak 1 | Balance 0.01453852 Profit 0.00110251
[2021/01/10 04:31:15] Win Streak 12 Lose Streak 2 | Balance 0.01851718 Profit 0.00427916
[2021/01/10 04:32:31] Win Streak 6 Lose Streak 1 | Balance 0.01969089 Profit 0.00056712
[2021/01/10 16:00:42] Win Streak 7 Lose Streak 1 | Balance 0.0041776 Profit 0.00012996
[2021/01/10 16:20:07] Win Streak 9 Lose Streak 2 | Balance 0.00254173 Profit 0.00245847
[2021/01/10 17:23:48] Win Streak 1 Lose Streak 5 | Balance 0.00200526 Profit 4.79e-06
[2021/01/10 17:25:42] Win Streak 1 Lose Streak 4 | Balance 0.00200318 Profit -3.86e-06
[2021/01/10 17:27:51] Win Streak 1 Lose Streak 3 | Balance 0.0019914 Profit 2e-08
[2021/01/10 17:35:04] Win Streak 13 Lose Streak 0 | Balance 0.00232099 Profit 6.5e-07
[2021/01/10 17:36:04] Win Streak 6 Lose Streak 1 | Balance 0.00431949 Profit -1.6e-06
[2021/01/10 17:38:45] Win Streak 28 Lose Streak 1 | Balance 0.00431894 Profit -7.5e-07
[2021/01/10 17:40:10] Win Streak 28 Lose Streak 0 | Balance 0.00432044 Profit 1.4e-06
[2021/01/10 17:41:46] Win Streak 5 Lose Streak 6 | Balance 0.00497562 Profit 0.00065469
[2021/01/10 17:48:19] Win Streak 5 Lose Streak 5 | Balance 0.00914453 Profit 0.00416842
[2021/01/10 17:54:13] Win Streak 4 Lose Streak 3 | Balance 0.01325471 Profit 0.00210793
[2021/01/10 18:35:57] Win Streak 6 Lose Streak 10 | Balance 0.0380525 Profit 0.02067397
[2021/01/10 18:35:57] Win Streak 4 Lose Streak 9 | Balance 0.0381125 Profit 0.02072397
[2021/01/10 18:36:57] Win Streak 6 Lose Streak 12 | Balance 0.03820663 Profit 0.02083307
[2021/01/10 20:14:55] Win Streak 7 Lose Streak 10 | Balance 0.03307258 Profit 0.02036401
[2021/01/10 20:26:40] Win Streak 9 Lose Streak 11 | Balance 0.03780716 Profit 0.02512853
[2021/01/10 20:26:40] Win Streak 8 Lose Streak 8 | Balance 0.03788716 Profit 0.02519853
[2021/01/10 20:58:55] Win Streak 7 Lose Streak 9 | Balance 0.04900112 Profit 0.03630752
[2021/01/10 20:58:55] Win Streak 8 Lose Streak 8 | Balance 0.04891112 Profit 0.01110291
[2021/01/10 20:58:55] Win Streak 6 Lose Streak 6 | Balance 0.04896112 Profit 0.01114291
[2021/01/10 20:58:55] Win Streak 5 Lose Streak 11 | Balance 0.04904112 Profit 0.01121291
[2021/01/10 20:58:55] Win Streak 5 Lose Streak 7 | Balance 0.04892112 Profit 0.01108291
[2021/01/10 20:59:52] Win Streak 1 Lose Streak 1 | Balance 0.04888298 Profit -1.061e-05
[2021/01/10 20:59:52] Win Streak 0 Lose Streak 2 | Balance 0.04890112 Profit 1.499e-05
[2021/01/10 20:59:52] Win Streak 1 Lose Streak 1 | Balance 0.04891112 Profit 1.499e-05
[2021/01/10 20:59:52] Win Streak 3 Lose Streak 0 | Balance 0.04889622 Profit -7.37e-06
[2021/01/10 21:01:22] Win Streak 1 Lose Streak 3 | Balance 0.04894789 Profit 6.18e-05
[2021/01/10 21:01:22] Win Streak 1 Lose Streak 4 | Balance 0.04894183 Profit 6.574e-05
[2021/01/10 21:01:22] Win Streak 3 Lose Streak 1 | Balance 0.04892789 Profit 3.683e-05
[2021/01/10 21:01:22] Win Streak 1 Lose Streak 1 | Balance 0.04893789 Profit 3.186e-05
[2021/01/10 21:02:28] Win Streak 1 Lose Streak 2 | Balance 0.04892363 Profit 3.683e-05
[2021/01/10 21:02:28] Win Streak 0 Lose Streak 1 | Balance 0.04894363 Profit 2.02e-05
[2021/01/10 21:02:28] Win Streak 1 Lose Streak 1 | Balance 0.04895363 Profit 3.683e-05
[2021/01/10 21:02:28] Win Streak 1 Lose Streak 1 | Balance 0.04893363 Profit 3.683e-05
[2021/01/10 21:17:04] Win Streak 4 Lose Streak 5 | Balance 0.06408064 Profit 0.01514961
[2021/01/10 21:17:04] Win Streak 5 Lose Streak 7 | Balance 0.06405577 Profit 0.01511474
[2021/01/10 21:17:04] Win Streak 4 Lose Streak 17 | Balance 0.06407064 Profit 0.01514961
[2021/01/10 21:17:04] Win Streak 8 Lose Streak 8 | Balance 0.06416064 Profit 0.01524961
[2021/01/10 21:19:08] Win Streak 3 Lose Streak 3 | Balance 0.06450999 Profit 0.00024315
[2021/01/10 21:19:16] Win Streak 3 Lose Streak 2 | Balance 0.06449492 Profit 0.00023305
[2021/01/10 21:19:16] Win Streak 3 Lose Streak 3 | Balance 0.06448492 Profit 0.00020192
[2021/01/10 21:19:16] Win Streak 3 Lose Streak 3 | Balance 0.06445952 Profit 0.00020765
[2021/01/10 21:20:27] Win Streak 1 Lose Streak 3 | Balance 0.06440634 Profit -8.58e-06
[2021/01/10 21:20:27] Win Streak 2 Lose Streak 2 | Balance 0.06445634 Profit 1.148e-05
[2021/01/10 21:20:27] Win Streak 4 Lose Streak 1 | Balance 0.06444634 Profit 1.148e-05
[2021/01/10 21:20:27] Win Streak 2 Lose Streak 4 | Balance 0.06436634 Profit -6.355e-05
[2021/01/10 21:23:31] Win Streak 4 Lose Streak 3 | Balance 0.06516715 Profit 0.0005395
[2021/01/10 21:23:31] Win Streak 3 Lose Streak 6 | Balance 0.06505637 Profit 0.00043872
[2021/01/10 21:23:31] Win Streak 2 Lose Streak 1 | Balance 0.06506637 Profit 0.00046872
[2021/01/10 21:23:31] Win Streak 0 Lose Streak 1 | Balance 0.06456765 Profit -4e-05
[2021/01/10 22:36:32] Win Streak 3 Lose Streak 5 | Balance 0.00204164 Profit -0.00795818
[2021/01/10 22:55:20] Win Streak 5 Lose Streak 6 | Balance 0.0079134 Profit -0.00180788
[2021/01/10 22:55:20] Win Streak 6 Lose Streak 6 | Balance 0.0079234 Profit -0.00172781
[2021/01/10 23:16:01] Win Streak 4 Lose Streak 7 | Balance 0.01152711 Profit 0.00361555
[2021/01/10 23:16:06] Win Streak 7 Lose Streak 8 | Balance 0.01153918 Profit 0.00363265
[2021/01/10 23:16:06] Win Streak 5 Lose Streak 10 | Balance 0.01155324 Profit 0.00363671
[2021/01/10 23:16:11] Win Streak 5 Lose Streak 6 | Balance 0.01154324 Profit 0.00361671
[2021/01/11 00:56:55] Win Streak 1 Lose Streak 0 | Balance 0.02622389 Profit -3.712e-05
[2021/01/11 00:56:57] Win Streak 1 Lose Streak 0 | Balance 0.02625099 Profit 1.098e-05
[2021/01/11 00:57:03] Win Streak 1 Lose Streak 2 | Balance 0.02644395 Profit 0.00016194
[2021/01/11 00:57:19] Win Streak 1 Lose Streak 5 | Balance 0.02692295 Profit 0.00070394
[2021/01/11 00:57:23] Win Streak 1 Lose Streak 0 | Balance 0.02693195 Profit 0.00058256
[2021/01/11 00:57:25] Win Streak 1 Lose Streak 0 | Balance 0.02696209 Profit 0.00077026
[2021/01/11 00:57:29] Win Streak 1 Lose Streak 1 | Balance 0.02696891 Profit 0.00059852
[2021/01/11 00:57:33] Win Streak 1 Lose Streak 2 | Balance 0.02697654 Profit 0.00080571
[2021/01/11 00:57:49] Win Streak 1 Lose Streak 0 | Balance 0.02713357 Profit 0.00012559
[2021/01/11 00:57:51] Win Streak 1 Lose Streak 0 | Balance 0.02715993 Profit 0.00012051
[2021/01/11 00:57:53] Win Streak 1 Lose Streak 0 | Balance 0.02718842 Profit 0.00011756
[2021/01/11 00:57:59] Win Streak 1 Lose Streak 2 | Balance 0.02723851 Profit 0.00013621
[2021/01/11 00:58:15] Win Streak 1 Lose Streak 0 | Balance 0.02723354 Profit 1.603e-05
[2021/01/11 00:58:19] Win Streak 1 Lose Streak 0 | Balance 0.02723944 Profit 1.149e-05
[2021/01/11 00:58:21] Win Streak 1 Lose Streak 0 | Balance 0.02726821 Profit 6.126e-05
[2021/01/11 00:58:23] Win Streak 1 Lose Streak 1 | Balance 0.02729494 Profit 9.843e-05
[2021/01/11 00:58:53] Win Streak 1 Lose Streak 0 | Balance 0.02722784 Profit -3.554e-05
[2021/01/11 00:58:59] Win Streak 1 Lose Streak 2 | Balance 0.02734137 Profit 6.743e-05
[2021/01/11 00:59:01] Win Streak 1 Lose Streak 2 | Balance 0.02754809 Profit 0.00029515
[2021/01/11 00:59:04] Win Streak 1 Lose Streak 2 | Balance 0.02757405 Profit 0.00034211
[2021/01/11 00:59:23] Win Streak 1 Lose Streak 0 | Balance 0.02762164 Profit 6.859e-05
[2021/01/11 00:59:25] Win Streak 1 Lose Streak 0 | Balance 0.02764867 Profit 0.00011662
[2021/01/11 00:59:35] Win Streak 1 Lose Streak 2 | Balance 0.0276585 Profit 9.501e-05
[2021/01/11 00:59:40] Win Streak 1 Lose Streak 4 | Balance 0.02816697 Profit 0.00057204
[2021/01/11 01:00:06] Win Streak 1 Lose Streak 0 | Balance 0.02814181 Profit 1.684e-05
[2021/01/11 01:00:13] Win Streak 1 Lose Streak 1 | Balance 0.02818549 Profit 3.952e-05
[2021/01/11 01:00:16] Win Streak 1 Lose Streak 1 | Balance 0.02826562 Profit 0.00010921
[2021/01/11 01:00:19] Win Streak 1 Lose Streak 2 | Balance 0.0282291 Profit 9.369e-05
[2021/01/11 01:00:29] Win Streak 1 Lose Streak 0 | Balance 0.02819583 Profit -1.227e-05
[2021/01/11 01:00:31] Win Streak 1 Lose Streak 0 | Balance 0.02822357 Profit 3.647e-05
[2021/01/11 01:00:35] Win Streak 1 Lose Streak 1 | Balance 0.02823245 Profit 6.635e-05
[2021/01/11 01:00:42] Win Streak 1 Lose Streak 0 | Balance 0.02827054 Profit 6.65e-06
[2021/01/11 01:00:49] Win Streak 1 Lose Streak 2 | Balance 0.02830972 Profit 6.683e-05
[2021/01/11 01:00:54] Win Streak 1 Lose Streak 0 | Balance 0.02831746 Profit 2.874e-05
[2021/01/11 01:01:06] Win Streak 1 Lose Streak 0 | Balance 0.02832544 Profit 2.898e-05
[2021/01/11 01:01:22] Win Streak 1 Lose Streak 0 | Balance 0.02836419 Profit 7.31e-06
[2021/01/11 01:01:24] Win Streak 1 Lose Streak 0 | Balance 0.02839009 Profit 5.421e-05
[2021/01/11 01:01:36] Win Streak 1 Lose Streak 1 | Balance 0.0284401 Profit 7.101e-05
[2021/01/11 01:01:51] Win Streak 1 Lose Streak 0 | Balance 0.02845936 Profit 8.82e-06
[2021/01/11 01:01:53] Win Streak 1 Lose Streak 1 | Balance 0.028489 Profit 6.99e-05
[2021/01/11 01:02:20] Win Streak 1 Lose Streak 2 | Balance 0.02864473 Profit 0.00012429
[2021/01/11 01:02:21] Win Streak 1 Lose Streak 1 | Balance 0.02872694 Profit 0.0002275
[2021/01/11 01:08:20] Win Streak 1 Lose Streak 0 | Balance 0.02872464 Profit 1.87e-05
[2021/01/11 01:08:26] Win Streak 1 Lose Streak 0 | Balance 0.02870863 Profit 1.325e-05
[2021/01/11 01:09:04] Win Streak 1 Lose Streak 0 | Balance 0.00325076 Profit 1.513e-05
[2021/01/11 01:09:06] Win Streak 1 Lose Streak 0 | Balance 0.00327792 Profit 6.329e-05
[2021/01/11 01:09:10] Win Streak 1 Lose Streak 0 | Balance 0.00328667 Profit 6.16e-05
[2021/01/11 01:09:22] Win Streak 1 Lose Streak 6 | Balance 0.00455623 Profit 0.00131016
[2021/01/11 01:09:47] Win Streak 1 Lose Streak 1 | Balance 0.00460373 Profit -1.538e-05
[2021/01/11 01:09:52] Win Streak 1 Lose Streak 2 | Balance 0.00472089 Profit 7.034e-05
[2021/01/11 01:09:54] Win Streak 1 Lose Streak 2 | Balance 0.00490184 Profit 0.00021985
[2021/01/11 01:10:54] Win Streak 1 Lose Streak 0 | Balance 0.00219914 Profit 1.686e-05
[2021/01/11 01:10:56] Win Streak 1 Lose Streak 0 | Balance 0.00222771 Profit 1.399e-05
[2021/01/11 01:10:58] Win Streak 1 Lose Streak 0 | Balance 0.00225412 Profit 6.14e-05
[2021/01/11 01:11:02] Win Streak 1 Lose Streak 2 | Balance 0.00226155 Profit 0.00011071
[2021/01/11 01:11:37] Win Streak 1 Lose Streak 1 | Balance 0.0018557 Profit -0.00037429
[2021/01/11 01:11:38] Win Streak 1 Lose Streak 2 | Balance 0.00194714 Profit -0.00030385
[2021/01/11 01:11:39] Win Streak 1 Lose Streak 3 | Balance 0.00268228 Profit 0.00044173
[2021/01/11 01:12:15] Win Streak 1 Lose Streak 0 | Balance 0.00050301 Profit -3.703e-05
[2021/01/11 01:12:17] Win Streak 1 Lose Streak 1 | Balance 0.00053242 Profit 8.67e-05
[2021/01/11 01:12:21] Win Streak 1 Lose Streak 1 | Balance 0.00059759 Profit 8.899e-05
[2021/01/11 01:12:56] Win Streak 1 Lose Streak 1 | Balance 0.00027235 Profit -1.024e-05
[2021/01/11 01:13:00] Win Streak 1 Lose Streak 1 | Balance 0.00029851 Profit 5.792e-05
[2021/01/11 01:13:01] Win Streak 1 Lose Streak 2 | Balance 0.00054829 Profit 0.0002867
[2021/01/11 01:13:04] Win Streak 1 Lose Streak 2 | Balance 0.00051468 Profit 0.00024265
[2021/01/11 01:13:29] Win Streak 1 Lose Streak 0 | Balance 0.00039476 Profit -3.592e-05
[2021/01/11 01:13:32] Win Streak 1 Lose Streak 1 | Balance 0.00041015 Profit -6.253e-05
[2021/01/11 01:13:34] Win Streak 1 Lose Streak 2 | Balance 0.0006542 Profit 0.00016052
[2021/01/11 01:13:37] Win Streak 1 Lose Streak 2 | Balance 0.00061875 Profit 0.00016707
[2021/01/11 01:13:59] Win Streak 1 Lose Streak 0 | Balance 0.00061338 Profit 1.563e-05
[2021/01/11 01:14:01] Win Streak 1 Lose Streak 0 | Balance 0.00064149 Profit 6.474e-05
[2021/01/11 01:14:03] Win Streak 1 Lose Streak 0 | Balance 0.00067026 Profit 0.00011451
[2021/01/11 01:14:05] Win Streak 1 Lose Streak 0 | Balance 0.00070076 Profit 0.00011357
[2021/01/11 01:14:30] Win Streak 1 Lose Streak 0 | Balance 0.00072945 Profit -3.419e-05
[2021/01/11 01:14:33] Win Streak 1 Lose Streak 0 | Balance 0.00075872 Profit 1.608e-05
[2021/01/11 01:14:34] Win Streak 1 Lose Streak 0 | Balance 0.00078916 Profit 6.752e-05
[2021/01/11 01:14:36] Win Streak 1 Lose Streak 1 | Balance 0.00087097 Profit 0.00013877
[2021/01/11 01:14:57] Win Streak 1 Lose Streak 0 | Balance 0.00092233 Profit 1.992e-05
[2021/01/11 01:14:59] Win Streak 1 Lose Streak 0 | Balance 0.00094803 Profit 6.662e-05
[2021/01/11 01:15:03] Win Streak 1 Lose Streak 0 | Balance 0.00095511 Profit 6.326e-05
[2021/01/11 01:15:06] Win Streak 1 Lose Streak 1 | Balance 0.00098085 Profit 0.00012044
[2021/01/11 01:15:39] Win Streak 1 Lose Streak 1 | Balance 0.00099939 Profit -1.29e-05
[2021/01/11 01:15:43] Win Streak 1 Lose Streak 1 | Balance 0.0010657 Profit 4.297e-05
[2021/01/11 01:15:48] Win Streak 1 Lose Streak 2 | Balance 0.00118345 Profit 0.00012928
[2021/01/11 01:15:51] Win Streak 1 Lose Streak 4 | Balance 0.00174137 Profit 0.00075008
[2021/01/11 01:16:16] Win Streak 1 Lose Streak 1 | Balance 0.00176036 Profit -1.245e-05
[2021/01/11 01:16:24] Win Streak 1 Lose Streak 3 | Balance 0.00189411 Profit 8.986e-05
[2021/01/11 01:16:25] Win Streak 1 Lose Streak 2 | Balance 0.00213422 Profit 0.00037197
[2021/01/11 01:16:26] Win Streak 1 Lose Streak 3 | Balance 0.00294205 Profit 0.0011588
[2021/01/11 01:16:51] Win Streak 1 Lose Streak 0 | Balance 0.00298967 Profit 6.862e-05
[2021/01/11 01:16:55] Win Streak 1 Lose Streak 0 | Balance 0.00299543 Profit 1.15e-05
[2021/01/11 01:17:04] Win Streak 1 Lose Streak 2 | Balance 0.0030171 Profit 6.461e-05
[2021/01/11 01:17:31] Win Streak 1 Lose Streak 0 | Balance 0.00047173 Profit 1.663e-05
[2021/01/11 01:17:33] Win Streak 1 Lose Streak 0 | Balance 0.00050191 Profit 1.537e-05
[2021/01/11 01:17:37] Win Streak 1 Lose Streak 1 | Balance 0.00056226 Profit 8.616e-05
[2021/01/11 01:17:39] Win Streak 1 Lose Streak 1 | Balance 0.0005907 Profit 0.00012516
[2021/01/11 01:18:02] Win Streak 1 Lose Streak 0 | Balance 0.00059549 Profit -3.709e-05
[2021/01/11 01:18:08] Win Streak 1 Lose Streak 1 | Balance 0.00059577 Profit -5.37e-06
[2021/01/11 01:18:09] Win Streak 1 Lose Streak 2 | Balance 0.00087797 Profit 0.00025583
[2021/01/11 01:18:12] Win Streak 1 Lose Streak 2 | Balance 0.00084251 Profit 0.00023093
[2021/01/11 01:18:39] Win Streak 1 Lose Streak 0 | Balance 0.00082668 Profit -3.671e-05
[2021/01/11 01:18:41] Win Streak 1 Lose Streak 1 | Balance 0.00091232 Profit 3.837e-05
[2021/01/11 01:18:46] Win Streak 1 Lose Streak 1 | Balance 0.00093584 Profit 5.145e-05
[2021/01/11 01:18:47] Win Streak 1 Lose Streak 3 | Balance 0.00155101 Profit 0.00064562
[2021/01/11 01:19:08] Win Streak 1 Lose Streak 0 | Balance 0.00149815 Profit 1.014e-05
[2021/01/11 01:19:10] Win Streak 1 Lose Streak 0 | Balance 0.00152934 Profit 2.033e-05
[2021/01/11 01:19:12] Win Streak 1 Lose Streak 2 | Balance 0.00172603 Profit 0.00019602
[2021/01/11 01:19:34] Win Streak 1 Lose Streak 0 | Balance 0.00179734 Profit 9.231e-05
[2021/01/11 01:19:38] Win Streak 1 Lose Streak 0 | Balance 0.00180622 Profit 3.831e-05
[2021/01/11 01:19:46] Win Streak 1 Lose Streak 4 | Balance 0.00193842 Profit 0.00020195
[2021/01/11 01:20:01] Win Streak 1 Lose Streak 1 | Balance 0.00198845 Profit 1.859e-05
[2021/01/11 01:20:03] Win Streak 1 Lose Streak 1 | Balance 0.0020671 Profit 6.58e-05
[2021/01/11 01:20:27] Win Streak 1 Lose Streak 0 | Balance 0.0020829 Profit 3.68e-05
[2021/01/11 01:20:29] Win Streak 1 Lose Streak 0 | Balance 0.00211158 Profit 8.648e-05
[2021/01/11 01:20:31] Win Streak 1 Lose Streak 0 | Balance 0.00213733 Profit 8.079e-05
[2021/01/11 01:20:56] Win Streak 1 Lose Streak 0 | Balance 0.00210411 Profit -1.222e-05
[2021/01/11 01:20:58] Win Streak 1 Lose Streak 0 | Balance 0.00213072 Profit 3.539e-05
[2021/01/11 01:21:00] Win Streak 1 Lose Streak 0 | Balance 0.00215966 Profit 8.533e-05
[2021/01/11 01:21:24] Win Streak 1 Lose Streak 0 | Balance 0.00228534 Profit 9.424e-05
[2021/01/11 01:21:27] Win Streak 1 Lose Streak 0 | Balance 0.00231258 Profit 9.004e-05
[2021/01/11 01:21:34] Win Streak 1 Lose Streak 3 | Balance 0.00243834 Profit 0.00018436
[2021/01/11 01:21:50] Win Streak 1 Lose Streak 0 | Balance 0.0025085 Profit 3.872e-05
[2021/01/11 01:21:52] Win Streak 1 Lose Streak 0 | Balance 0.00253731 Profit 3.609e-05
[2021/01/11 01:21:59] Win Streak 1 Lose Streak 2 | Balance 0.00257512 Profit 9.49e-05
[2021/01/11 01:22:24] Win Streak 1 Lose Streak 0 | Balance 0.00257284 Profit -1.272e-05
[2021/01/11 01:23:07] Win Streak 1 Lose Streak 1 | Balance 0.00081843 Profit -5.341e-05
[2021/01/11 01:23:11] Win Streak 1 Lose Streak 2 | Balance 0.00083173 Profit -1.911e-05
[2021/01/11 01:23:32] Win Streak 1 Lose Streak 0 | Balance 0.0009884 Profit 0.00012523
[2021/01/11 01:23:38] Win Streak 1 Lose Streak 0 | Balance 0.00097255 Profit 1.506e-05
[2021/01/11 01:23:43] Win Streak 1 Lose Streak 1 | Balance 0.00098069 Profit 5.464e-05
[2021/01/11 01:23:47] Win Streak 1 Lose Streak 4 | Balance 0.00149009 Profit 0.00059548
[2021/01/11 01:23:58] Win Streak 1 Lose Streak 1 | Balance 0.00149637 Profit 2.728e-05
[2021/01/11 01:24:01] Win Streak 1 Lose Streak 2 | Balance 0.00169359 Profit 0.0002455
[2021/01/11 01:24:08] Win Streak 1 Lose Streak 0 | Balance 0.0017352 Profit 1.017e-05
[2021/01/11 01:24:16] Win Streak 1 Lose Streak 3 | Balance 0.0018708 Profit 0.00016677
[2021/01/11 01:24:23] Win Streak 1 Lose Streak 1 | Balance 0.00192085 Profit 7.105e-05
[2021/01/11 01:24:35] Win Streak 1 Lose Streak 0 | Balance 0.00192616 Profit 2.631e-05
[2021/01/11 01:25:02] Win Streak 1 Lose Streak 2 | Balance 0.00189228 Profit -1.288e-05
[2021/01/11 01:25:06] Win Streak 1 Lose Streak 3 | Balance 0.00257082 Profit 0.00063422
[2021/01/11 01:25:12] Win Streak 1 Lose Streak 2 | Balance 0.00260728 Profit 0.00087256
[2021/01/11 01:25:31] Win Streak 1 Lose Streak 3 | Balance 0.00253625 Profit -0.00010247
[2021/01/11 01:25:36] Win Streak 1 Lose Streak 0 | Balance 0.00029632 Profit -0.00197484
[2021/01/11 01:25:53] Win Streak 1 Lose Streak 0 | Balance 0.00031206 Profit 5.3e-06
[2021/01/11 01:25:56] Win Streak 1 Lose Streak 2 | Balance 0.00050058 Profit 0.00017282
[2021/01/11 01:26:07] Win Streak 1 Lose Streak 2 | Balance 0.00064772 Profit 0.00016814
[2021/01/11 01:26:20] Win Streak 1 Lose Streak 0 | Balance 0.00068645 Profit 7.29e-06
[2021/01/11 01:26:22] Win Streak 1 Lose Streak 0 | Balance 0.00071521 Profit 5.705e-05
[2021/01/11 01:27:12] Win Streak 1 Lose Streak 0 | Balance 0.00025131 Profit 4.022e-05
[2021/01/11 01:27:16] Win Streak 1 Lose Streak 0 | Balance 0.00025998 Profit 3.845e-05
[2021/01/11 01:27:19] Win Streak 1 Lose Streak 1 | Balance 0.0003497 Profit 0.00010717
[2021/01/11 01:27:37] Win Streak 1 Lose Streak 0 | Balance 0.00033637 Profit 7.67e-06
[2021/01/11 01:28:02] Win Streak 1 Lose Streak 0 | Balance 0.00014455 Profit 3.93e-05
[2021/01/11 12:22:44] Win Streak 1 Lose Streak 0 | Balance 0.00201548 Profit -1.56e-06
[2021/01/11 12:22:50] Win Streak 1 Lose Streak 1 | Balance 0.00201385 Profit -4.19e-06
[2021/01/11 12:22:54] Win Streak 1 Lose Streak 2 | Balance 0.00201813 Profit 1.58e-06
[2021/01/11 12:22:59] Win Streak 1 Lose Streak 4 | Balance 0.00210783 Profit 9.028e-05
[2021/01/11 12:23:20] Win Streak 1 Lose Streak 0 | Balance 0.00210714 Profit -1.67e-06
[2021/01/11 12:23:29] Win Streak 1 Lose Streak 2 | Balance 0.00211048 Profit 1.16e-06
[2021/01/11 12:23:35] Win Streak 1 Lose Streak 3 | Balance 0.00212908 Profit 2.076e-05
[2021/01/11 12:23:48] Win Streak 1 Lose Streak 4 | Balance 0.0022186 Profit 0.00010879
[2021/01/11 12:23:50] Win Streak 1 Lose Streak 0 | Balance 0.00221982 Profit 0.00011625
[2021/01/11 12:23:54] Win Streak 1 Lose Streak 0 | Balance 0.00222013 Profit 0.00011607
[2021/01/11 12:23:58] Win Streak 1 Lose Streak 1 | Balance 0.00222058 Profit 0.00011801
[2021/01/11 12:24:00] Win Streak 1 Lose Streak 1 | Balance 0.00222204 Profit 0.00011898
[2021/01/11 12:24:24] Win Streak 1 Lose Streak 0 | Balance 0.00221938 Profit -1.66e-06
[2021/01/11 12:24:26] Win Streak 1 Lose Streak 0 | Balance 0.0022207 Profit 6.6e-07
[2021/01/11 12:24:33] Win Streak 1 Lose Streak 1 | Balance 0.00222007 Profit 1.03e-06
[2021/01/11 12:24:35] Win Streak 1 Lose Streak 1 | Balance 0.00222129 Profit 3.25e-06
[2021/01/11 12:24:50] Win Streak 1 Lose Streak 0 | Balance 0.00222109 Profit -1.69e-06
[2021/01/11 12:25:05] Win Streak 1 Lose Streak 2 | Balance 0.00222045 Profit -1.33e-06
[2021/01/11 12:25:09] Win Streak 1 Lose Streak 2 | Balance 0.00222474 Profit 4.96e-06
[2021/01/11 12:25:12] Win Streak 1 Lose Streak 3 | Balance 0.00226228 Profit 4.15e-05
[2021/01/11 12:25:34] Win Streak 1 Lose Streak 0 | Balance 0.00226513 Profit 8.7e-07
[2021/01/11 12:25:38] Win Streak 1 Lose Streak 1 | Balance 0.00226543 Profit 1.66e-06
[2021/01/11 12:25:42] Win Streak 1 Lose Streak 1 | Balance 0.00226656 Profit 8.1e-07
[2021/01/11 12:25:47] Win Streak 1 Lose Streak 3 | Balance 0.00229126 Profit 2.6e-05
[2021/01/11 12:26:47] Win Streak 4 Lose Streak 0 | Balance 0.00229352 Profit 1.3e-06
[2021/01/11 19:18:57] Win Streak 17 Lose Streak 4 | Balance 0.00144079 Profit 0.00110057
[2021/01/11 19:18:57] Win Streak 28 Lose Streak 3 | Balance 0.00144051 Profit 0.00111612
[2021/01/11 19:18:57] Win Streak 20 Lose Streak 4 | Balance 0.00144016 Profit 0.00106063
[2021/01/11 19:18:57] Win Streak 30 Lose Streak 4 | Balance 0.00143993 Profit 0.00111602
[2021/01/11 20:40:35] Win Streak 29 Lose Streak 4 | Balance 0.00210192 Profit 0.00177777
[2021/01/11 20:40:35] Win Streak 29 Lose Streak 3 | Balance 0.00210168 Profit 0.00065991
[2021/01/11 20:40:35] Win Streak 32 Lose Streak 3 | Balance 0.00210216 Profit 0.00065927
[2021/01/11 20:40:35] Win Streak 22 Lose Streak 4 | Balance 0.0021001 Profit 0.00065881
[2021/01/11 20:40:35] Win Streak 24 Lose Streak 3 | Balance 0.0021024 Profit 0.00066087
[2021/01/12 12:42:48] Win Streak 8 Lose Streak 1 | Balance 0.00501735 Profit 1.009e-05
[2021/01/12 12:50:49] Win Streak 32 Lose Streak 1 | Balance 0.00622051 Profit 0.0012016
[2021/01/12 16:22:13] Win Streak 33 Lose Streak 2 | Balance 0.00126261 Profit -0.00385538
[2021/01/12 16:22:18] Win Streak 28 Lose Streak 2 | Balance 0.001265 Profit -0.00385177
[2021/01/12 16:22:18] Win Streak 16 Lose Streak 2 | Balance 0.00126383 Profit -0.00385538
[2021/01/12 16:27:06] Win Streak 24 Lose Streak 1 | Balance 0.00140848 Profit 0.00013982
[2021/01/12 16:42:55] Win Streak 0 Lose Streak 0 | Balance 0.00306089 Profit 0.0
[2021/01/12 16:42:55] Win Streak 3 Lose Streak 0 | Balance 0.00306203 Profit 4.67e-06
[2021/01/12 16:44:30] Win Streak 1 Lose Streak 0 | Balance 0.00306275 Profit 4.71e-06
[2021/01/12 16:44:31] Win Streak 1 Lose Streak 0 | Balance 0.00306392 Profit 4.66e-06
[2021/01/12 16:44:35] Win Streak 1 Lose Streak 0 | Balance 0.00306507 Profit 4.59e-06
[2021/01/12 16:44:35] Win Streak 2 Lose Streak 0 | Balance 0.00306626 Profit 9.44e-06
[2021/01/12 17:58:44] Win Streak 6 Lose Streak 1 | Balance 0.00128852 Profit 0.00018699
